2024-05-10 17:00:55: Lomonosov123 добавил пост 123 
2024-05-10 17:01:09: Lomonosov123 добавил пост 123 
2024-05-10 17:01:44: Admin добавил пост CСтаататя 
2024-05-11 12:51:39: Пользователь Adminдобавил комментарий к посту 51 
2024-05-11 12:58:06: Пользователь Adminдобавил комментарий к посту 51 
2024-05-11 14:17:08: Пользователь Adminдобавил комментарий к посту 56 
2024-05-11 15:11:51: Пользователь Adminдобавил комментарий к посту 56 
2024-05-11 15:12:01: Пользователь Adminдобавил комментарий к посту 56 
2024-05-11 15:12:14: Пользователь Adminдобавил комментарий к посту 53 
2024-05-11 15:14:15: Пользователь Adminдобавил комментарий к посту 51 
2024-05-11 15:27:20: Пользователь Adminдобавил комментарий к посту 51 
2024-05-11 15:29:15: Пользователь lionдобавил комментарий к посту 51 
2024-05-11 15:35:27: Пользователь lionдобавил комментарий к посту 54 
2024-05-11 15:37:22: Пользователь Adminдобавил комментарий к посту 52 
2024-05-12 14:32:14: IvanPetrov добавил пост 123 
2024-05-12 14:35:20: IvanPetrov добавил пост Греция 
2024-05-12 14:35:29: IvanPetrov добавил пост Греция 
2024-05-12 14:52:13: IvanPetrov добавил пост Греция 
2024-05-12 14:54:15: IvanPetrov добавил пост 123 
2024-05-12 14:56:39: IvanPetrov добавил пост Греция 
2024-05-12 14:57:24: Пользователь IvanPetrovдобавил комментарий к посту 69 
