2024-05-10 15:06:36: ПользовательAdmin зашёл на сайт 
2024-05-10 16:55:06: Пользователь Lomonosov123 успешно зарегистрирован 
2024-05-10 16:55:19: Пользователь 189 зашёл на сайт 
2024-05-10 17:01:21: Пользователь 189 покинул сайт 
2024-05-10 17:01:33: Пользователь 188 зашёл на сайт 
2024-05-10 17:27:57: Пользователь 188 зашёл на сайт 
2024-05-10 18:40:58: Пользователь 188 зашёл на сайт 
2024-05-11 09:22:00: Пользователь 188 зашёл на сайт 
2024-05-11 10:02:10: Пользователь 188 покинул сайт 
2024-05-11 10:02:15: Пользователь 188 зашёл на сайт 
2024-05-11 10:02:17: Пользователь 188 покинул сайт 
2024-05-11 10:02:25: Пользователь 188 зашёл на сайт 
2024-05-11 10:34:28: Пользователь 188 покинул сайт 
2024-05-11 10:37:16: Пользователь 188 зашёл на сайт 
2024-05-11 10:37:30: Пользователь 188 покинул сайт 
2024-05-11 10:37:46: Пользователь 188 зашёл на сайт 
2024-05-11 10:37:54: Пользователь 188 покинул сайт 
2024-05-11 10:43:48: Пользователь lol успешно зарегистрирован 
2024-05-11 10:44:29: Пользователь DDDDDOS успешно зарегистрирован 
2024-05-11 10:44:32: Пользователь 188 зашёл на сайт 
2024-05-11 10:46:04: Пользователь 188 обновил аватар 
2024-05-11 10:46:05: Пользователь 188 удалил аватар 
2024-05-11 12:37:39: Пользователь 188 зашёл на сайт 
2024-05-11 12:55:04: Пользователь 188 зашёл на сайт 
2024-05-11 14:10:23: Пользователь 188 зашёл на сайт 
2024-05-11 15:11:43: Пользователь 188 зашёл на сайт 
2024-05-11 15:27:31: Пользователь 188 покинул сайт 
2024-05-11 15:27:55: Пользователь 188 зашёл на сайт 
2024-05-11 15:27:58: Пользователь 188 покинул сайт 
2024-05-11 15:28:45: Пользователь lion успешно зарегистрирован 
2024-05-11 15:29:06: Пользователь 192 зашёл на сайт 
2024-05-11 15:35:55: Пользователь 192 обновил аватар 
2024-05-11 15:35:57: Пользователь 192 удалил аватар 
2024-05-11 15:36:01: Пользователь 192 покинул сайт 
2024-05-11 15:36:05: Пользователь 188 зашёл на сайт 
2024-05-12 13:31:46: Пользователь 188 зашёл на сайт 
2024-05-12 13:53:56: Пользователь 188 покинул сайт 
2024-05-12 13:59:41: Пользователь 188 зашёл на сайт 
2024-05-12 14:00:06: Пользователь 188 покинул сайт 
2024-05-12 14:01:11: Пользователь IvanPetrov успешно зарегистрирован 
2024-05-12 14:01:54: Пользователь 193 зашёл на сайт 
2024-05-12 14:02:02: Пользователь 193 обновил аватар 
2024-05-12 14:02:03: Пользователь 193 удалил аватар 
2024-05-12 14:57:40: Пользователь 193 покинул сайт 
2024-05-12 14:57:48: Пользователь 188 зашёл на сайт 
2024-05-12 15:12:24: Пользователь 188 покинул сайт 
2024-05-12 15:13:02: Пользователь 193 зашёл на сайт 
2024-05-12 15:13:09: Пользователь 193 обновил аватар 
2024-05-12 15:13:10: Пользователь 193 удалил аватар 
2024-05-12 15:14:24: Пользователь 193 покинул сайт 
2024-05-12 15:15:17: Пользователь 193 зашёл на сайт 
2024-05-12 15:15:24: Пользователь 193 обновил аватар 
2024-05-12 15:15:27: Пользователь 193 удалил аватар 
2024-05-12 15:20:59: Пользователь 193 покинул сайт 
2024-05-12 15:21:03: Пользователь 188 зашёл на сайт 
2024-05-12 17:26:08: Пользователь 188 зашёл на сайт 
2024-05-13 14:20:45: Пользователь 188 зашёл на сайт 
2024-05-13 14:21:56: Пользователь 188 покинул сайт 
2024-05-13 14:22:15: Пользователь asdgggg успешно зарегистрирован 
2024-05-13 14:22:28: Пользователь 194 зашёл на сайт 
2024-05-13 14:23:20: Пользователь 194 обновил аватар 
2024-05-13 14:23:20: Пользователь 194 удалил аватар 
2024-05-13 14:25:12: Пользователь 194 обновил аватар 
2024-05-13 14:29:10: Пользователь 194 удалил аватар 
2024-05-13 14:30:09: Пользователь 194 обновил аватар 
2024-05-13 14:30:10: Пользователь 194 удалил аватар 
2024-05-13 14:30:44: Пользователь 194 обновил аватар 
2024-05-13 14:30:45: Пользователь 194 удалил аватар 
